<?xml version="1.0" encoding="UTF-8"?>
<testng-results ignored="0" total="1" passed="1" failed="0" skipped="0">
  <reporter-output>
  </reporter-output>
  <suite started-at="2022-10-29T16:01:49Z" name="Default suite" finished-at="2022-10-29T16:01:53Z" duration-ms="3521">
    <groups>
    </groups>
    <test started-at="2022-10-29T16:01:49Z" name="Default test" finished-at="2022-10-29T16:01:53Z" duration-ms="3521">
      <class name="testSel.testSel">
        <test-method signature="f()[pri:0, instance:testSel.testSel@3f191845]" started-at="2022-10-29T11:01:49Z" name="f" finished-at="2022-10-29T11:01:53Z" duration-ms="3477" status="PASS">
          <reporter-output>
          </reporter-output>
        </test-method> <!-- f -->
      </class> <!-- testSel.testSel -->
    </test> <!-- Default test -->
  </suite> <!-- Default suite -->
</testng-results>
